<?xml version="1.0" encoding="UTF-8"?>
<testsuite xmlns:xsi="http://www.w3.org/2001/XMLSchema-instance" xsi:noNamespaceSchemaLocation="https://maven.apache.org/surefire/maven-surefire-plugin/xsd/surefire-test-report.xsd" name="com.globomantics.tdd.services.ProductServiceTest" time="3.274" tests="5" errors="0" skipped="0" failures="0">
  <properties>
    <property name="sun.desktop" value="gnome"/>
    <property name="awt.toolkit" value="sun.awt.X11.XToolkit"/>
    <property name="file.encoding.pkg" value="sun.io"/>
    <property name="java.specification.version" value="1.8"/>
    <property name="sun.cpu.isalist" value=""/>
    <property name="sun.jnu.encoding" value="UTF-8"/>
    <property name="java.class.path" value="/home/martin/NetBeansProjects/TDDPractice/target/test-classes:/home/martin/NetBeansProjects/TDDPractice/target/classes:/home/martin/.m2/repository/org/springframework/boot/spring-boot-starter-web/2.2.2.RELEASE/spring-boot-starter-web-2.2.2.RELEASE.jar:/home/martin/.m2/repository/org/springframework/boot/spring-boot-starter/2.2.2.RELEASE/spring-boot-starter-2.2.2.RELEASE.jar:/home/martin/.m2/repository/org/springframework/boot/spring-boot-starter-logging/2.2.2.RELEASE/spring-boot-starter-logging-2.2.2.RELEASE.jar:/home/martin/.m2/repository/ch/qos/logback/logback-classic/1.2.3/logback-classic-1.2.3.jar:/home/martin/.m2/repository/ch/qos/logback/logback-core/1.2.3/logback-core-1.2.3.jar:/home/martin/.m2/repository/org/apache/logging/log4j/log4j-to-slf4j/2.12.1/log4j-to-slf4j-2.12.1.jar:/home/martin/.m2/repository/org/apache/logging/log4j/log4j-api/2.12.1/log4j-api-2.12.1.jar:/home/martin/.m2/repository/org/slf4j/jul-to-slf4j/1.7.29/jul-to-slf4j-1.7.29.jar:/home/martin/.m2/repository/jakarta/annotation/jakarta.annotation-api/1.3.5/jakarta.annotation-api-1.3.5.jar:/home/martin/.m2/repository/org/springframework/boot/spring-boot-starter-json/2.2.2.RELEASE/spring-boot-starter-json-2.2.2.RELEASE.jar:/home/martin/.m2/repository/com/fasterxml/jackson/core/jackson-databind/2.10.1/jackson-databind-2.10.1.jar:/home/martin/.m2/repository/com/fasterxml/jackson/core/jackson-annotations/2.10.1/jackson-annotations-2.10.1.jar:/home/martin/.m2/repository/com/fasterxml/jackson/core/jackson-core/2.10.1/jackson-core-2.10.1.jar:/home/martin/.m2/repository/com/fasterxml/jackson/datatype/jackson-datatype-jdk8/2.10.1/jackson-datatype-jdk8-2.10.1.jar:/home/martin/.m2/repository/com/fasterxml/jackson/datatype/jackson-datatype-jsr310/2.10.1/jackson-datatype-jsr310-2.10.1.jar:/home/martin/.m2/repository/com/fasterxml/jackson/module/jackson-module-parameter-names/2.10.1/jackson-module-parameter-names-2.10.1.jar:/home/martin/.m2/repository/org/springframework/boot/spring-boot-starter-tomcat/2.2.2.RELEASE/spring-boot-starter-tomcat-2.2.2.RELEASE.jar:/home/martin/.m2/repository/org/apache/tomcat/embed/tomcat-embed-core/9.0.29/tomcat-embed-core-9.0.29.jar:/home/martin/.m2/repository/org/apache/tomcat/embed/tomcat-embed-el/9.0.29/tomcat-embed-el-9.0.29.jar:/home/martin/.m2/repository/org/apache/tomcat/embed/tomcat-embed-websocket/9.0.29/tomcat-embed-websocket-9.0.29.jar:/home/martin/.m2/repository/org/springframework/boot/spring-boot-starter-validation/2.2.2.RELEASE/spring-boot-starter-validation-2.2.2.RELEASE.jar:/home/martin/.m2/repository/jakarta/validation/jakarta.validation-api/2.0.1/jakarta.validation-api-2.0.1.jar:/home/martin/.m2/repository/org/hibernate/validator/hibernate-validator/6.0.18.Final/hibernate-validator-6.0.18.Final.jar:/home/martin/.m2/repository/org/jboss/logging/jboss-logging/3.4.1.Final/jboss-logging-3.4.1.Final.jar:/home/martin/.m2/repository/com/fasterxml/classmate/1.5.1/classmate-1.5.1.jar:/home/martin/.m2/repository/org/springframework/spring-web/5.2.2.RELEASE/spring-web-5.2.2.RELEASE.jar:/home/martin/.m2/repository/org/springframework/spring-beans/5.2.2.RELEASE/spring-beans-5.2.2.RELEASE.jar:/home/martin/.m2/repository/org/springframework/spring-webmvc/5.2.2.RELEASE/spring-webmvc-5.2.2.RELEASE.jar:/home/martin/.m2/repository/org/springframework/spring-aop/5.2.2.RELEASE/spring-aop-5.2.2.RELEASE.jar:/home/martin/.m2/repository/org/springframework/spring-context/5.2.2.RELEASE/spring-context-5.2.2.RELEASE.jar:/home/martin/.m2/repository/org/springframework/spring-expression/5.2.2.RELEASE/spring-expression-5.2.2.RELEASE.jar:/home/martin/.m2/repository/org/springframework/boot/spring-boot-starter-jdbc/2.2.2.RELEASE/spring-boot-starter-jdbc-2.2.2.RELEASE.jar:/home/martin/.m2/repository/com/zaxxer/HikariCP/3.4.1/HikariCP-3.4.1.jar:/home/martin/.m2/repository/org/springframework/spring-jdbc/5.2.2.RELEASE/spring-jdbc-5.2.2.RELEASE.jar:/home/martin/.m2/repository/org/springframework/spring-tx/5.2.2.RELEASE/spring-tx-5.2.2.RELEASE.jar:/home/martin/.m2/repository/org/springframework/boot/spring-boot-starter-web-services/2.2.2.RELEASE/spring-boot-starter-web-services-2.2.2.RELEASE.jar:/home/martin/.m2/repository/com/sun/xml/messaging/saaj/saaj-impl/1.5.1/saaj-impl-1.5.1.jar:/home/martin/.m2/repository/jakarta/activation/jakarta.activation-api/1.2.1/jakarta.activation-api-1.2.1.jar:/home/martin/.m2/repository/jakarta/xml/soap/jakarta.xml.soap-api/1.4.1/jakarta.xml.soap-api-1.4.1.jar:/home/martin/.m2/repository/org/jvnet/mimepull/mimepull/1.9.12/mimepull-1.9.12.jar:/home/martin/.m2/repository/org/jvnet/staxex/stax-ex/1.8.1/stax-ex-1.8.1.jar:/home/martin/.m2/repository/jakarta/xml/ws/jakarta.xml.ws-api/2.3.2/jakarta.xml.ws-api-2.3.2.jar:/home/martin/.m2/repository/jakarta/jws/jakarta.jws-api/1.1.1/jakarta.jws-api-1.1.1.jar:/home/martin/.m2/repository/org/springframework/spring-oxm/5.2.2.RELEASE/spring-oxm-5.2.2.RELEASE.jar:/home/martin/.m2/repository/org/springframework/ws/spring-ws-core/3.0.8.RELEASE/spring-ws-core-3.0.8.RELEASE.jar:/home/martin/.m2/repository/org/springframework/ws/spring-xml/3.0.8.RELEASE/spring-xml-3.0.8.RELEASE.jar:/home/martin/.m2/repository/org/springframework/boot/spring-boot-devtools/2.2.2.RELEASE/spring-boot-devtools-2.2.2.RELEASE.jar:/home/martin/.m2/repository/org/springframework/boot/spring-boot/2.2.2.RELEASE/spring-boot-2.2.2.RELEASE.jar:/home/martin/.m2/repository/org/springframework/boot/spring-boot-autoconfigure/2.2.2.RELEASE/spring-boot-autoconfigure-2.2.2.RELEASE.jar:/home/martin/.m2/repository/org/springframework/boot/spring-boot-starter-test/2.2.2.RELEASE/spring-boot-starter-test-2.2.2.RELEASE.jar:/home/martin/.m2/repository/org/springframework/boot/spring-boot-test/2.2.2.RELEASE/spring-boot-test-2.2.2.RELEASE.jar:/home/martin/.m2/repository/org/springframework/boot/spring-boot-test-autoconfigure/2.2.2.RELEASE/spring-boot-test-autoconfigure-2.2.2.RELEASE.jar:/home/martin/.m2/repository/com/jayway/jsonpath/json-path/2.4.0/json-path-2.4.0.jar:/home/martin/.m2/repository/net/minidev/json-smart/2.3/json-smart-2.3.jar:/home/martin/.m2/repository/net/minidev/accessors-smart/1.2/accessors-smart-1.2.jar:/home/martin/.m2/repository/org/ow2/asm/asm/5.0.4/asm-5.0.4.jar:/home/martin/.m2/repository/jakarta/xml/bind/jakarta.xml.bind-api/2.3.2/jakarta.xml.bind-api-2.3.2.jar:/home/martin/.m2/repository/org/junit/jupiter/junit-jupiter/5.5.2/junit-jupiter-5.5.2.jar:/home/martin/.m2/repository/org/mockito/mockito-junit-jupiter/3.1.0/mockito-junit-jupiter-3.1.0.jar:/home/martin/.m2/repository/org/assertj/assertj-core/3.13.2/assertj-core-3.13.2.jar:/home/martin/.m2/repository/org/hamcrest/hamcrest/2.1/hamcrest-2.1.jar:/home/martin/.m2/repository/org/mockito/mockito-core/3.1.0/mockito-core-3.1.0.jar:/home/martin/.m2/repository/net/bytebuddy/byte-buddy/1.10.4/byte-buddy-1.10.4.jar:/home/martin/.m2/repository/net/bytebuddy/byte-buddy-agent/1.10.4/byte-buddy-agent-1.10.4.jar:/home/martin/.m2/repository/org/objenesis/objenesis/2.6/objenesis-2.6.jar:/home/martin/.m2/repository/org/skyscreamer/jsonassert/1.5.0/jsonassert-1.5.0.jar:/home/martin/.m2/repository/com/vaadin/external/google/android-json/0.0.20131108.vaadin1/android-json-0.0.20131108.vaadin1.jar:/home/martin/.m2/repository/org/springframework/spring-core/5.2.2.RELEASE/spring-core-5.2.2.RELEASE.jar:/home/martin/.m2/repository/org/springframework/spring-jcl/5.2.2.RELEASE/spring-jcl-5.2.2.RELEASE.jar:/home/martin/.m2/repository/org/springframework/spring-test/5.2.2.RELEASE/spring-test-5.2.2.RELEASE.jar:/home/martin/.m2/repository/org/xmlunit/xmlunit-core/2.6.3/xmlunit-core-2.6.3.jar:/home/martin/.m2/repository/org/junit/jupiter/junit-jupiter-api/5.5.2/junit-jupiter-api-5.5.2.jar:/home/martin/.m2/repository/org/apiguardian/apiguardian-api/1.1.0/apiguardian-api-1.1.0.jar:/home/martin/.m2/repository/org/opentest4j/opentest4j/1.2.0/opentest4j-1.2.0.jar:/home/martin/.m2/repository/org/junit/platform/junit-platform-commons/1.5.2/junit-platform-commons-1.5.2.jar:/home/martin/.m2/repository/org/junit/jupiter/junit-jupiter-engine/5.5.2/junit-jupiter-engine-5.5.2.jar:/home/martin/.m2/repository/org/junit/platform/junit-platform-engine/1.5.2/junit-platform-engine-1.5.2.jar:/home/martin/.m2/repository/org/junit/jupiter/junit-jupiter-params/5.5.2/junit-jupiter-params-5.5.2.jar:/home/martin/.m2/repository/org/projectlombok/lombok/1.18.4/lombok-1.18.4.jar:/home/martin/.m2/repository/com/h2database/h2/1.4.200/h2-1.4.200.jar:/home/martin/.m2/repository/org/dbunit/dbunit/2.5.4/dbunit-2.5.4.jar:/home/martin/.m2/repository/org/slf4j/slf4j-api/1.7.29/slf4j-api-1.7.29.jar:/home/martin/.m2/repository/junit/junit/4.12/junit-4.12.jar:/home/martin/.m2/repository/org/hamcrest/hamcrest-core/2.1/hamcrest-core-2.1.jar:/home/martin/.m2/repository/commons-collections/commons-collections/3.2.2/commons-collections-3.2.2.jar:/home/martin/.m2/repository/org/apache/poi/poi-ooxml/3.14/poi-ooxml-3.14.jar:/home/martin/.m2/repository/org/apache/poi/poi/3.14/poi-3.14.jar:/home/martin/.m2/repository/commons-codec/commons-codec/1.13/commons-codec-1.13.jar:/home/martin/.m2/repository/org/apache/poi/poi-ooxml-schemas/3.14/poi-ooxml-schemas-3.14.jar:/home/martin/.m2/repository/org/apache/xmlbeans/xmlbeans/2.6.0/xmlbeans-2.6.0.jar:/home/martin/.m2/repository/stax/stax-api/1.0.1/stax-api-1.0.1.jar:/home/martin/.m2/repository/com/github/virtuald/curvesapi/1.03/curvesapi-1.03.jar:/home/martin/.m2/repository/com/github/database-rider/rider-junit5/1.8.1/rider-junit5-1.8.1.jar:/home/martin/.m2/repository/com/github/database-rider/rider-core/1.8.1/rider-core-1.8.1.jar:/home/martin/.m2/repository/org/yaml/snakeyaml/1.25/snakeyaml-1.25.jar:/home/martin/.m2/repository/org/codehaus/jackson/jackson-mapper-lgpl/1.2.1/jackson-mapper-lgpl-1.2.1.jar:/home/martin/.m2/repository/org/codehaus/jackson/jackson-core-lgpl/1.2.1/jackson-core-lgpl-1.2.1.jar:/home/martin/.m2/repository/com/github/springtestdbunit/spring-test-dbunit/1.3.0/spring-test-dbunit-1.3.0.jar:"/>
    <property name="java.vm.vendor" value="Private Build"/>
    <property name="sun.arch.data.model" value="64"/>
    <property name="java.vendor.url" value="http://java.oracle.com/"/>
    <property name="user.timezone" value=""/>
    <property name="java.vm.specification.version" value="1.8"/>
    <property name="os.name" value="Linux"/>
    <property name="sun.java.launcher" value="SUN_STANDARD"/>
    <property name="user.country" value="US"/>
    <property name="sun.boot.library.path" value="/usr/lib/jvm/java-8-openjdk-amd64/jre/lib/amd64"/>
    <property name="sun.java.command" value="/home/martin/NetBeansProjects/TDDPractice/target/surefire/surefirebooter1459323786091046872.jar /home/martin/NetBeansProjects/TDDPractice/target/surefire 2019-12-20T11-30-13_825-jvmRun1 surefire7874702127460871531tmp surefire_04647437578716746634tmp"/>
    <property name="surefire.test.class.path" value="/home/martin/NetBeansProjects/TDDPractice/target/test-classes:/home/martin/NetBeansProjects/TDDPractice/target/classes:/home/martin/.m2/repository/org/springframework/boot/spring-boot-starter-web/2.2.2.RELEASE/spring-boot-starter-web-2.2.2.RELEASE.jar:/home/martin/.m2/repository/org/springframework/boot/spring-boot-starter/2.2.2.RELEASE/spring-boot-starter-2.2.2.RELEASE.jar:/home/martin/.m2/repository/org/springframework/boot/spring-boot-starter-logging/2.2.2.RELEASE/spring-boot-starter-logging-2.2.2.RELEASE.jar:/home/martin/.m2/repository/ch/qos/logback/logback-classic/1.2.3/logback-classic-1.2.3.jar:/home/martin/.m2/repository/ch/qos/logback/logback-core/1.2.3/logback-core-1.2.3.jar:/home/martin/.m2/repository/org/apache/logging/log4j/log4j-to-slf4j/2.12.1/log4j-to-slf4j-2.12.1.jar:/home/martin/.m2/repository/org/apache/logging/log4j/log4j-api/2.12.1/log4j-api-2.12.1.jar:/home/martin/.m2/repository/org/slf4j/jul-to-slf4j/1.7.29/jul-to-slf4j-1.7.29.jar:/home/martin/.m2/repository/jakarta/annotation/jakarta.annotation-api/1.3.5/jakarta.annotation-api-1.3.5.jar:/home/martin/.m2/repository/org/springframework/boot/spring-boot-starter-json/2.2.2.RELEASE/spring-boot-starter-json-2.2.2.RELEASE.jar:/home/martin/.m2/repository/com/fasterxml/jackson/core/jackson-databind/2.10.1/jackson-databind-2.10.1.jar:/home/martin/.m2/repository/com/fasterxml/jackson/core/jackson-annotations/2.10.1/jackson-annotations-2.10.1.jar:/home/martin/.m2/repository/com/fasterxml/jackson/core/jackson-core/2.10.1/jackson-core-2.10.1.jar:/home/martin/.m2/repository/com/fasterxml/jackson/datatype/jackson-datatype-jdk8/2.10.1/jackson-datatype-jdk8-2.10.1.jar:/home/martin/.m2/repository/com/fasterxml/jackson/datatype/jackson-datatype-jsr310/2.10.1/jackson-datatype-jsr310-2.10.1.jar:/home/martin/.m2/repository/com/fasterxml/jackson/module/jackson-module-parameter-names/2.10.1/jackson-module-parameter-names-2.10.1.jar:/home/martin/.m2/repository/org/springframework/boot/spring-boot-starter-tomcat/2.2.2.RELEASE/spring-boot-starter-tomcat-2.2.2.RELEASE.jar:/home/martin/.m2/repository/org/apache/tomcat/embed/tomcat-embed-core/9.0.29/tomcat-embed-core-9.0.29.jar:/home/martin/.m2/repository/org/apache/tomcat/embed/tomcat-embed-el/9.0.29/tomcat-embed-el-9.0.29.jar:/home/martin/.m2/repository/org/apache/tomcat/embed/tomcat-embed-websocket/9.0.29/tomcat-embed-websocket-9.0.29.jar:/home/martin/.m2/repository/org/springframework/boot/spring-boot-starter-validation/2.2.2.RELEASE/spring-boot-starter-validation-2.2.2.RELEASE.jar:/home/martin/.m2/repository/jakarta/validation/jakarta.validation-api/2.0.1/jakarta.validation-api-2.0.1.jar:/home/martin/.m2/repository/org/hibernate/validator/hibernate-validator/6.0.18.Final/hibernate-validator-6.0.18.Final.jar:/home/martin/.m2/repository/org/jboss/logging/jboss-logging/3.4.1.Final/jboss-logging-3.4.1.Final.jar:/home/martin/.m2/repository/com/fasterxml/classmate/1.5.1/classmate-1.5.1.jar:/home/martin/.m2/repository/org/springframework/spring-web/5.2.2.RELEASE/spring-web-5.2.2.RELEASE.jar:/home/martin/.m2/repository/org/springframework/spring-beans/5.2.2.RELEASE/spring-beans-5.2.2.RELEASE.jar:/home/martin/.m2/repository/org/springframework/spring-webmvc/5.2.2.RELEASE/spring-webmvc-5.2.2.RELEASE.jar:/home/martin/.m2/repository/org/springframework/spring-aop/5.2.2.RELEASE/spring-aop-5.2.2.RELEASE.jar:/home/martin/.m2/repository/org/springframework/spring-context/5.2.2.RELEASE/spring-context-5.2.2.RELEASE.jar:/home/martin/.m2/repository/org/springframework/spring-expression/5.2.2.RELEASE/spring-expression-5.2.2.RELEASE.jar:/home/martin/.m2/repository/org/springframework/boot/spring-boot-starter-jdbc/2.2.2.RELEASE/spring-boot-starter-jdbc-2.2.2.RELEASE.jar:/home/martin/.m2/repository/com/zaxxer/HikariCP/3.4.1/HikariCP-3.4.1.jar:/home/martin/.m2/repository/org/springframework/spring-jdbc/5.2.2.RELEASE/spring-jdbc-5.2.2.RELEASE.jar:/home/martin/.m2/repository/org/springframework/spring-tx/5.2.2.RELEASE/spring-tx-5.2.2.RELEASE.jar:/home/martin/.m2/repository/org/springframework/boot/spring-boot-starter-web-services/2.2.2.RELEASE/spring-boot-starter-web-services-2.2.2.RELEASE.jar:/home/martin/.m2/repository/com/sun/xml/messaging/saaj/saaj-impl/1.5.1/saaj-impl-1.5.1.jar:/home/martin/.m2/repository/jakarta/activation/jakarta.activation-api/1.2.1/jakarta.activation-api-1.2.1.jar:/home/martin/.m2/repository/jakarta/xml/soap/jakarta.xml.soap-api/1.4.1/jakarta.xml.soap-api-1.4.1.jar:/home/martin/.m2/repository/org/jvnet/mimepull/mimepull/1.9.12/mimepull-1.9.12.jar:/home/martin/.m2/repository/org/jvnet/staxex/stax-ex/1.8.1/stax-ex-1.8.1.jar:/home/martin/.m2/repository/jakarta/xml/ws/jakarta.xml.ws-api/2.3.2/jakarta.xml.ws-api-2.3.2.jar:/home/martin/.m2/repository/jakarta/jws/jakarta.jws-api/1.1.1/jakarta.jws-api-1.1.1.jar:/home/martin/.m2/repository/org/springframework/spring-oxm/5.2.2.RELEASE/spring-oxm-5.2.2.RELEASE.jar:/home/martin/.m2/repository/org/springframework/ws/spring-ws-core/3.0.8.RELEASE/spring-ws-core-3.0.8.RELEASE.jar:/home/martin/.m2/repository/org/springframework/ws/spring-xml/3.0.8.RELEASE/spring-xml-3.0.8.RELEASE.jar:/home/martin/.m2/repository/org/springframework/boot/spring-boot-devtools/2.2.2.RELEASE/spring-boot-devtools-2.2.2.RELEASE.jar:/home/martin/.m2/repository/org/springframework/boot/spring-boot/2.2.2.RELEASE/spring-boot-2.2.2.RELEASE.jar:/home/martin/.m2/repository/org/springframework/boot/spring-boot-autoconfigure/2.2.2.RELEASE/spring-boot-autoconfigure-2.2.2.RELEASE.jar:/home/martin/.m2/repository/org/springframework/boot/spring-boot-starter-test/2.2.2.RELEASE/spring-boot-starter-test-2.2.2.RELEASE.jar:/home/martin/.m2/repository/org/springframework/boot/spring-boot-test/2.2.2.RELEASE/spring-boot-test-2.2.2.RELEASE.jar:/home/martin/.m2/repository/org/springframework/boot/spring-boot-test-autoconfigure/2.2.2.RELEASE/spring-boot-test-autoconfigure-2.2.2.RELEASE.jar:/home/martin/.m2/repository/com/jayway/jsonpath/json-path/2.4.0/json-path-2.4.0.jar:/home/martin/.m2/repository/net/minidev/json-smart/2.3/json-smart-2.3.jar:/home/martin/.m2/repository/net/minidev/accessors-smart/1.2/accessors-smart-1.2.jar:/home/martin/.m2/repository/org/ow2/asm/asm/5.0.4/asm-5.0.4.jar:/home/martin/.m2/repository/jakarta/xml/bind/jakarta.xml.bind-api/2.3.2/jakarta.xml.bind-api-2.3.2.jar:/home/martin/.m2/repository/org/junit/jupiter/junit-jupiter/5.5.2/junit-jupiter-5.5.2.jar:/home/martin/.m2/repository/org/mockito/mockito-junit-jupiter/3.1.0/mockito-junit-jupiter-3.1.0.jar:/home/martin/.m2/repository/org/assertj/assertj-core/3.13.2/assertj-core-3.13.2.jar:/home/martin/.m2/repository/org/hamcrest/hamcrest/2.1/hamcrest-2.1.jar:/home/martin/.m2/repository/org/mockito/mockito-core/3.1.0/mockito-core-3.1.0.jar:/home/martin/.m2/repository/net/bytebuddy/byte-buddy/1.10.4/byte-buddy-1.10.4.jar:/home/martin/.m2/repository/net/bytebuddy/byte-buddy-agent/1.10.4/byte-buddy-agent-1.10.4.jar:/home/martin/.m2/repository/org/objenesis/objenesis/2.6/objenesis-2.6.jar:/home/martin/.m2/repository/org/skyscreamer/jsonassert/1.5.0/jsonassert-1.5.0.jar:/home/martin/.m2/repository/com/vaadin/external/google/android-json/0.0.20131108.vaadin1/android-json-0.0.20131108.vaadin1.jar:/home/martin/.m2/repository/org/springframework/spring-core/5.2.2.RELEASE/spring-core-5.2.2.RELEASE.jar:/home/martin/.m2/repository/org/springframework/spring-jcl/5.2.2.RELEASE/spring-jcl-5.2.2.RELEASE.jar:/home/martin/.m2/repository/org/springframework/spring-test/5.2.2.RELEASE/spring-test-5.2.2.RELEASE.jar:/home/martin/.m2/repository/org/xmlunit/xmlunit-core/2.6.3/xmlunit-core-2.6.3.jar:/home/martin/.m2/repository/org/junit/jupiter/junit-jupiter-api/5.5.2/junit-jupiter-api-5.5.2.jar:/home/martin/.m2/repository/org/apiguardian/apiguardian-api/1.1.0/apiguardian-api-1.1.0.jar:/home/martin/.m2/repository/org/opentest4j/opentest4j/1.2.0/opentest4j-1.2.0.jar:/home/martin/.m2/repository/org/junit/platform/junit-platform-commons/1.5.2/junit-platform-commons-1.5.2.jar:/home/martin/.m2/repository/org/junit/jupiter/junit-jupiter-engine/5.5.2/junit-jupiter-engine-5.5.2.jar:/home/martin/.m2/repository/org/junit/platform/junit-platform-engine/1.5.2/junit-platform-engine-1.5.2.jar:/home/martin/.m2/repository/org/junit/jupiter/junit-jupiter-params/5.5.2/junit-jupiter-params-5.5.2.jar:/home/martin/.m2/repository/org/projectlombok/lombok/1.18.4/lombok-1.18.4.jar:/home/martin/.m2/repository/com/h2database/h2/1.4.200/h2-1.4.200.jar:/home/martin/.m2/repository/org/dbunit/dbunit/2.5.4/dbunit-2.5.4.jar:/home/martin/.m2/repository/org/slf4j/slf4j-api/1.7.29/slf4j-api-1.7.29.jar:/home/martin/.m2/repository/junit/junit/4.12/junit-4.12.jar:/home/martin/.m2/repository/org/hamcrest/hamcrest-core/2.1/hamcrest-core-2.1.jar:/home/martin/.m2/repository/commons-collections/commons-collections/3.2.2/commons-collections-3.2.2.jar:/home/martin/.m2/repository/org/apache/poi/poi-ooxml/3.14/poi-ooxml-3.14.jar:/home/martin/.m2/repository/org/apache/poi/poi/3.14/poi-3.14.jar:/home/martin/.m2/repository/commons-codec/commons-codec/1.13/commons-codec-1.13.jar:/home/martin/.m2/repository/org/apache/poi/poi-ooxml-schemas/3.14/poi-ooxml-schemas-3.14.jar:/home/martin/.m2/repository/org/apache/xmlbeans/xmlbeans/2.6.0/xmlbeans-2.6.0.jar:/home/martin/.m2/repository/stax/stax-api/1.0.1/stax-api-1.0.1.jar:/home/martin/.m2/repository/com/github/virtuald/curvesapi/1.03/curvesapi-1.03.jar:/home/martin/.m2/repository/com/github/database-rider/rider-junit5/1.8.1/rider-junit5-1.8.1.jar:/home/martin/.m2/repository/com/github/database-rider/rider-core/1.8.1/rider-core-1.8.1.jar:/home/martin/.m2/repository/org/yaml/snakeyaml/1.25/snakeyaml-1.25.jar:/home/martin/.m2/repository/org/codehaus/jackson/jackson-mapper-lgpl/1.2.1/jackson-mapper-lgpl-1.2.1.jar:/home/martin/.m2/repository/org/codehaus/jackson/jackson-core-lgpl/1.2.1/jackson-core-lgpl-1.2.1.jar:/home/martin/.m2/repository/com/github/springtestdbunit/spring-test-dbunit/1.3.0/spring-test-dbunit-1.3.0.jar:"/>
    <property name="sun.cpu.endian" value="little"/>
    <property name="user.home" value="/home/martin"/>
    <property name="user.language" value="en"/>
    <property name="java.specification.vendor" value="Oracle Corporation"/>
    <property name="java.home" value="/usr/lib/jvm/java-8-openjdk-amd64/jre"/>
    <property name="basedir" value="/home/martin/NetBeansProjects/TDDPractice"/>
    <property name="file.separator" value="/"/>
    <property name="line.separator" value="&#10;"/>
    <property name="java.vm.specification.vendor" value="Oracle Corporation"/>
    <property name="java.specification.name" value="Java Platform API Specification"/>
    <property name="java.awt.graphicsenv" value="sun.awt.X11GraphicsEnvironment"/>
    <property name="surefire.real.class.path" value="/home/martin/NetBeansProjects/TDDPractice/target/surefire/surefirebooter1459323786091046872.jar"/>
    <property name="sun.boot.class.path" value="/usr/lib/jvm/java-8-openjdk-amd64/jre/lib/resources.jar:/usr/lib/jvm/java-8-openjdk-amd64/jre/lib/rt.jar:/usr/lib/jvm/java-8-openjdk-amd64/jre/lib/sunrsasign.jar:/usr/lib/jvm/java-8-openjdk-amd64/jre/lib/jsse.jar:/usr/lib/jvm/java-8-openjdk-amd64/jre/lib/jce.jar:/usr/lib/jvm/java-8-openjdk-amd64/jre/lib/charsets.jar:/usr/lib/jvm/java-8-openjdk-amd64/jre/lib/jfr.jar:/usr/lib/jvm/java-8-openjdk-amd64/jre/classes"/>
    <property name="sun.management.compiler" value="HotSpot 64-Bit Tiered Compilers"/>
    <property name="java.runtime.version" value="1.8.0_232-8u232-b09-0ubuntu1~18.04.1-b09"/>
    <property name="user.name" value="martin"/>
    <property name="path.separator" value=":"/>
    <property name="os.version" value="5.0.0-37-generic"/>
    <property name="java.endorsed.dirs" value="/usr/lib/jvm/java-8-openjdk-amd64/jre/lib/endorsed"/>
    <property name="java.runtime.name" value="OpenJDK Runtime Environment"/>
    <property name="file.encoding" value="UTF-8"/>
    <property name="java.vm.name" value="OpenJDK 64-Bit Server VM"/>
    <property name="maven.ext.class.path" value="/home/martin/netbeans-8.2/java/maven-nblib/netbeans-eventspy.jar"/>
    <property name="localRepository" value="/home/martin/.m2/repository"/>
    <property name="java.vendor.url.bug" value="http://bugreport.sun.com/bugreport/"/>
    <property name="java.io.tmpdir" value="/tmp"/>
    <property name="java.version" value="1.8.0_232"/>
    <property name="user.dir" value="/home/martin/NetBeansProjects/TDDPractice"/>
    <property name="os.arch" value="amd64"/>
    <property name="java.vm.specification.name" value="Java Virtual Machine Specification"/>
    <property name="java.awt.printerjob" value="sun.print.PSPrinterJob"/>
    <property name="sun.os.patch.level" value="unknown"/>
    <property name="java.library.path" value="/usr/lib/jvm/java-1.8.0-openjdk-amd64/jre/lib/amd64:/usr/lib/jvm/java-1.8.0-openjdk-amd64/jre/lib/i386::/usr/java/packages/lib/amd64:/usr/lib/x86_64-linux-gnu/jni:/lib/x86_64-linux-gnu:/usr/lib/x86_64-linux-gnu:/usr/lib/jni:/lib:/usr/lib"/>
    <property name="java.vm.info" value="mixed mode"/>
    <property name="java.vendor" value="Private Build"/>
    <property name="java.vm.version" value="25.232-b09"/>
    <property name="java.ext.dirs" value="/usr/lib/jvm/java-8-openjdk-amd64/jre/lib/ext:/usr/java/packages/lib/ext"/>
    <property name="sun.io.unicode.encoding" value="UnicodeLittle"/>
    <property name="java.class.version" value="52.0"/>
  </properties>
  <testcase name="testFindAll" classname="com.globomantics.tdd.services.ProductServiceTest" time="0.083"/>
  <testcase name="findByIdNotFoundTest" classname="com.globomantics.tdd.services.ProductServiceTest" time="0.035"/>
  <testcase name="saveProductTest" classname="com.globomantics.tdd.services.ProductServiceTest" time="0.026"/>
  <testcase name="findByIdTest" classname="com.globomantics.tdd.services.ProductServiceTest" time="0.026"/>
  <testcase name="updateProductTest" classname="com.globomantics.tdd.services.ProductServiceTest" time="0.027"/>
</testsuite>